[debug] [2026-03-21T12:10:30.438Z] ----------------------------------------------------------------------
[debug] [2026-03-21T12:10:30.445Z] Command:       /usr/local/bin/firebase /Users/ryozo/.cache/firebase/tools/lib/node_modules/firebase-tools/lib/bin/firebase deploy --only functions
[debug] [2026-03-21T12:10:30.445Z] CLI Version:   15.6.0
[debug] [2026-03-21T12:10:30.445Z] Platform:      darwin
[debug] [2026-03-21T12:10:30.445Z] Node Version:  v20.18.2
[debug] [2026-03-21T12:10:30.446Z] Time:          Sat Mar 21 2026 21:10:30 GMT+0900 (Japan Standard Time)
[debug] [2026-03-21T12:10:30.448Z] ----------------------------------------------------------------------
[debug] 
[debug] [2026-03-21T12:10:30.450Z] >>> [apiv2][query] GET https://firebase-public.firebaseio.com/cli.json [none]
[debug] [2026-03-21T12:10:31.338Z] Object "" in "firebase.json" has unknown property: {"additionalProperty":"flutter"}
[debug] [2026-03-21T12:10:31.343Z] > command requires scopes: ["email","openid","https://www.googleapis.com/auth/cloudplatformprojects.readonly","https://www.googleapis.com/auth/firebase","https://www.googleapis.com/auth/cloud-platform"]
[debug] [2026-03-21T12:10:31.344Z] > authorizing via signed-in user (ryozo.42@gmail.com)
[debug] [2026-03-21T12:10:31.344Z] [iam] checking project oh-yeah-9fdc6 for permissions ["cloudfunctions.functions.create","cloudfunctions.functions.delete","cloudfunctions.functions.get","cloudfunctions.functions.list","cloudfunctions.functions.update","cloudfunctions.operations.get","firebase.projects.get"]
[debug] [2026-03-21T12:10:31.345Z] Checked if tokens are valid: false, expires at: 1773757515410
[debug] [2026-03-21T12:10:31.345Z] Checked if tokens are valid: false, expires at: 1773757515410
[debug] [2026-03-21T12:10:31.346Z] > refreshing access token with scopes: []
[debug] [2026-03-21T12:10:31.347Z] >>> [apiv2][query] POST https://www.googleapis.com/oauth2/v3/token [none]
[debug] [2026-03-21T12:10:31.347Z] >>> [apiv2][body] POST https://www.googleapis.com/oauth2/v3/token [omitted]
[debug] [2026-03-21T12:10:31.583Z] <<< [apiv2][status] POST https://www.googleapis.com/oauth2/v3/token 200
[debug] [2026-03-21T12:10:31.584Z] <<< [apiv2][body] POST https://www.googleapis.com/oauth2/v3/token [omitted]
[debug] [2026-03-21T12:10:31.597Z] >>> [apiv2][query] POST https://cloudresourcemanager.googleapis.com/v1/projects/oh-yeah-9fdc6:testIamPermissions [none]
[debug] [2026-03-21T12:10:31.598Z] >>> [apiv2][(partial)header] POST https://cloudresourcemanager.googleapis.com/v1/projects/oh-yeah-9fdc6:testIamPermissions  x-goog-user-project=oh-yeah-9fdc6
[debug] [2026-03-21T12:10:31.598Z] >>> [apiv2][body] POST https://cloudresourcemanager.googleapis.com/v1/projects/oh-yeah-9fdc6:testIamPermissions {"permissions":["cloudfunctions.functions.create","cloudfunctions.functions.delete","cloudfunctions.functions.get","cloudfunctions.functions.list","cloudfunctions.functions.update","cloudfunctions.operations.get","firebase.projects.get"]}
[debug] [2026-03-21T12:10:31.772Z] <<< [apiv2][status] GET https://firebase-public.firebaseio.com/cli.json 200
[debug] [2026-03-21T12:10:31.772Z] <<< [apiv2][body] GET https://firebase-public.firebaseio.com/cli.json {"cloudBuildErrorAfter":1594252800000,"cloudBuildWarnAfter":1590019200000,"defaultNode10After":1594252800000,"minVersion":"3.0.5","node8DeploysDisabledAfter":1613390400000,"node8RuntimeDisabledAfter":1615809600000,"node8WarnAfter":1600128000000}
[debug] [2026-03-21T12:10:31.904Z] <<< [apiv2][status] POST https://cloudresourcemanager.googleapis.com/v1/projects/oh-yeah-9fdc6:testIamPermissions 200
[debug] [2026-03-21T12:10:31.904Z] <<< [apiv2][body] POST https://cloudresourcemanager.googleapis.com/v1/projects/oh-yeah-9fdc6:testIamPermissions {"permissions":["cloudfunctions.functions.create","cloudfunctions.functions.delete","cloudfunctions.functions.get","cloudfunctions.functions.list","cloudfunctions.functions.update","cloudfunctions.operations.get","firebase.projects.get"]}
[debug] [2026-03-21T12:10:31.905Z] Checked if tokens are valid: true, expires at: 1774098630584
[debug] [2026-03-21T12:10:31.906Z] Checked if tokens are valid: true, expires at: 1774098630584
[debug] [2026-03-21T12:10:31.906Z] >>> [apiv2][query] POST https://iam.googleapis.com/v1/projects/oh-yeah-9fdc6/serviceAccounts/oh-yeah-9fdc6@appspot.gserviceaccount.com:testIamPermissions [none]
[debug] [2026-03-21T12:10:31.906Z] >>> [apiv2][body] POST https://iam.googleapis.com/v1/projects/oh-yeah-9fdc6/serviceAccounts/oh-yeah-9fdc6@appspot.gserviceaccount.com:testIamPermissions {"permissions":["iam.serviceAccounts.actAs"]}
[debug] [2026-03-21T12:10:32.950Z] <<< [apiv2][status] POST https://iam.googleapis.com/v1/projects/oh-yeah-9fdc6/serviceAccounts/oh-yeah-9fdc6@appspot.gserviceaccount.com:testIamPermissions 200
[debug] [2026-03-21T12:10:32.950Z] <<< [apiv2][body] POST https://iam.googleapis.com/v1/projects/oh-yeah-9fdc6/serviceAccounts/oh-yeah-9fdc6@appspot.gserviceaccount.com:testIamPermissions {"permissions":["iam.serviceAccounts.actAs"]}
[info] 
[info] === Deploying to 'oh-yeah-9fdc6'...
[info] 
[info] i  deploying functions 
[debug] [2026-03-21T12:10:32.957Z] Checked if tokens are valid: true, expires at: 1774098630584
[debug] [2026-03-21T12:10:32.957Z] Checked if tokens are valid: true, expires at: 1774098630584
[debug] [2026-03-21T12:10:32.957Z] >>> [apiv2][query] GET https://cloudresourcemanager.googleapis.com/v1/projects/oh-yeah-9fdc6 [none]
[debug] [2026-03-21T12:10:33.177Z] <<< [apiv2][status] GET https://cloudresourcemanager.googleapis.com/v1/projects/oh-yeah-9fdc6 200
[debug] [2026-03-21T12:10:33.178Z] <<< [apiv2][body] GET https://cloudresourcemanager.googleapis.com/v1/projects/oh-yeah-9fdc6 {"projectNumber":"642657130095","projectId":"oh-yeah-9fdc6","lifecycleState":"ACTIVE","name":"oh-yeah","labels":{"firebase":"enabled","firebase-core":"disabled"},"createTime":"2026-02-15T08:17:12.435521Z"}
[info] i  functions: preparing codebase default for deployment 
[info] i  functions: ensuring required API cloudfunctions.googleapis.com is enabled... 
[info] i  functions: ensuring required API cloudbuild.googleapis.com is enabled... 
[info] i  artifactregistry: ensuring required API artifactregistry.googleapis.com is enabled... 
[debug] [2026-03-21T12:10:33.183Z] Checked if tokens are valid: true, expires at: 1774098630584
[debug] [2026-03-21T12:10:33.183Z] Checked if tokens are valid: true, expires at: 1774098630584
[debug] [2026-03-21T12:10:33.184Z] >>> [apiv2][query] GET https://firebase.googleapis.com/v1beta1/projects/oh-yeah-9fdc6/adminSdkConfig [none]
[debug] [2026-03-21T12:10:34.142Z] <<< [apiv2][status] GET https://firebase.googleapis.com/v1beta1/projects/oh-yeah-9fdc6/adminSdkConfig 200
[debug] [2026-03-21T12:10:34.142Z] <<< [apiv2][body] GET https://firebase.googleapis.com/v1beta1/projects/oh-yeah-9fdc6/adminSdkConfig {"projectId":"oh-yeah-9fdc6","storageBucket":"oh-yeah-9fdc6.firebasestorage.app"}
[debug] [2026-03-21T12:10:34.146Z] Validating nodejs source
[warn] ⚠  functions: Runtime Node.js 20 will be deprecated on 2026-04-30 and will be decommissioned on 2026-10-30, after which you will not be able to deploy without upgrading. Consider upgrading now to avoid disruption. See https://cloud.google.com/functions/docs/runtime-support for full details on the lifecycle policy 
[warn] ⚠  functions: Couldn't find firebase-functions package in your source code. Have you run 'npm install'? 
[debug] [2026-03-21T12:10:34.154Z] getFunctionsSDKVersion encountered error: Cannot find module 'firebase-functions'
Require stack:
- /Users/ryozo/.cache/firebase/tools/lib/node_modules/firebase-tools/lib/deploy/functions/runtimes/node/versioning.js
- /Users/ryozo/.cache/firebase/tools/lib/node_modules/firebase-tools/lib/deploy/functions/runtimes/node/index.js
- /Users/ryozo/.cache/firebase/tools/lib/node_modules/firebase-tools/lib/deploy/functions/runtimes/index.js
- /Users/ryozo/.cache/firebase/tools/lib/node_modules/firebase-tools/lib/deploy/functions/prepare.js
- /Users/ryozo/.cache/firebase/tools/lib/node_modules/firebase-tools/lib/emulator/functionsEmulatorShared.js
- /Users/ryozo/.cache/firebase/tools/lib/node_modules/firebase-tools/lib/frameworks/index.js
- /Users/ryozo/.cache/firebase/tools/lib/node_modules/firebase-tools/lib/deploy/hosting/prepare.js
- /Users/ryozo/.cache/firebase/tools/lib/node_modules/firebase-tools/lib/deploy/hosting/index.js
- /Users/ryozo/.cache/firebase/tools/lib/node_modules/firebase-tools/lib/deploy/index.js
- /Users/ryozo/.cache/firebase/tools/lib/node_modules/firebase-tools/lib/commands/deploy.js
- /Users/ryozo/.cache/firebase/tools/lib/node_modules/firebase-tools/lib/commands/index.js
- /Users/ryozo/.cache/firebase/tools/lib/node_modules/firebase-tools/lib/index.js
- /Users/ryozo/.cache/firebase/tools/lib/node_modules/firebase-tools/lib/bin/cli.js
- /Users/ryozo/.cache/firebase/tools/lib/node_modules/firebase-tools/lib/bin/firebase.js {"code":"MODULE_NOT_FOUND","requireStack":["/Users/ryozo/.cache/firebase/tools/lib/node_modules/firebase-tools/lib/deploy/functions/runtimes/node/versioning.js","/Users/ryozo/.cache/firebase/tools/lib/node_modules/firebase-tools/lib/deploy/functions/runtimes/node/index.js","/Users/ryozo/.cache/firebase/tools/lib/node_modules/firebase-tools/lib/deploy/functions/runtimes/index.js","/Users/ryozo/.cache/firebase/tools/lib/node_modules/firebase-tools/lib/deploy/functions/prepare.js","/Users/ryozo/.cache/firebase/tools/lib/node_modules/firebase-tools/lib/emulator/functionsEmulatorShared.js","/Users/ryozo/.cache/firebase/tools/lib/node_modules/firebase-tools/lib/frameworks/index.js","/Users/ryozo/.cache/firebase/tools/lib/node_modules/firebase-tools/lib/deploy/hosting/prepare.js","/Users/ryozo/.cache/firebase/tools/lib/node_modules/firebase-tools/lib/deploy/hosting/index.js","/Users/ryozo/.cache/firebase/tools/lib/node_modules/firebase-tools/lib/deploy/index.js","/Users/ryozo/.cache/firebase/tools/lib/node_modules/firebase-tools/lib/commands/deploy.js","/Users/ryozo/.cache/firebase/tools/lib/node_modules/firebase-tools/lib/commands/index.js","/Users/ryozo/.cache/firebase/tools/lib/node_modules/firebase-tools/lib/index.js","/Users/ryozo/.cache/firebase/tools/lib/node_modules/firebase-tools/lib/bin/cli.js","/Users/ryozo/.cache/firebase/tools/lib/node_modules/firebase-tools/lib/bin/firebase.js"]}
[debug] [2026-03-21T12:10:34.161Z] checkFunctionsSDKVersion encountered error: Invalid Version:  {}
[debug] [2026-03-21T12:10:34.162Z] > [functions] package.json contents: {
  "name": "functions",
  "description": "Cloud Functions for Firebase",
  "scripts": {
    "serve": "firebase emulators:start --only functions",
    "shell": "firebase functions:shell",
    "start": "npm run shell",
    "deploy": "firebase deploy --only functions",
    "logs": "firebase functions:log"
  },
  "engines": {
    "node": "20"
  },
  "main": "index.js",
  "dependencies": {
    "firebase-admin": "^11.11.0",
    "firebase-functions": "^4.4.1"
  },
  "devDependencies": {
    "eslint": "^8.15.0",
    "eslint-config-google": "^0.14.0",
    "firebase-functions-test": "^3.4.1"
  },
  "private": true
}
[debug] [2026-03-21T12:10:34.162Z] Building nodejs source
[info] i  functions: Loading and analyzing source code for codebase default to determine what to deploy 
[debug] [2026-03-21T12:10:34.162Z] Could not parse firebase-functions version '' into semver.
[debug] [2026-03-21T12:10:34.164Z] Could not find functions.yaml. Must use http discovery
[debug] [2026-03-21T12:10:34.367Z] Error: Cannot find module 'firebase-functions'
Require stack:
- /Users/ryozo/.cache/firebase/tools/lib/node_modules/firebase-tools/lib/deploy/functions/runtimes/node/index.js
- /Users/ryozo/.cache/firebase/tools/lib/node_modules/firebase-tools/lib/deploy/functions/runtimes/index.js
- /Users/ryozo/.cache/firebase/tools/lib/node_modules/firebase-tools/lib/deploy/functions/prepare.js
- /Users/ryozo/.cache/firebase/tools/lib/node_modules/firebase-tools/lib/emulator/functionsEmulatorShared.js
- /Users/ryozo/.cache/firebase/tools/lib/node_modules/firebase-tools/lib/frameworks/index.js
- /Users/ryozo/.cache/firebase/tools/lib/node_modules/firebase-tools/lib/deploy/hosting/prepare.js
- /Users/ryozo/.cache/firebase/tools/lib/node_modules/firebase-tools/lib/deploy/hosting/index.js
- /Users/ryozo/.cache/firebase/tools/lib/node_modules/firebase-tools/lib/deploy/index.js
- /Users/ryozo/.cache/firebase/tools/lib/node_modules/firebase-tools/lib/commands/deploy.js
- /Users/ryozo/.cache/firebase/tools/lib/node_modules/firebase-tools/lib/commands/index.js
- /Users/ryozo/.cache/firebase/tools/lib/node_modules/firebase-tools/lib/index.js
- /Users/ryozo/.cache/firebase/tools/lib/node_modules/firebase-tools/lib/bin/cli.js
- /Users/ryozo/.cache/firebase/tools/lib/node_modules/firebase-tools/lib/bin/firebase.js
    at Module._resolveFilename (node:internal/modules/cjs/loader:1225:15)
    at Function._resolveFilename (pkg/prelude/bootstrap.js:1959:46)
    at Function.resolve (node:internal/modules/helpers:190:19)
    at Delegate.findFunctionsBinary (/Users/ryozo/.cache/firebase/tools/lib/node_modules/firebase-tools/lib/deploy/functions/runtimes/node/index.js:101:33)
    at Delegate.spawnFunctionsProcess (/Users/ryozo/.cache/firebase/tools/lib/node_modules/firebase-tools/lib/deploy/functions/runtimes/node/index.js:131:30)
    at Delegate.serveAdmin (/Users/ryozo/.cache/firebase/tools/lib/node_modules/firebase-tools/lib/deploy/functions/runtimes/node/index.js:152:35)
    at Delegate.discoverBuild (/Users/ryozo/.cache/firebase/tools/lib/node_modules/firebase-tools/lib/deploy/functions/runtimes/node/index.js:192:41)
    at process.processTicksAndRejections (node:internal/process/task_queues:95:5)
    at async loadCodebases (/Users/ryozo/.cache/firebase/tools/lib/node_modules/firebase-tools/lib/deploy/functions/prepare.js:334:33)
    at async prepare (/Users/ryozo/.cache/firebase/tools/lib/node_modules/firebase-tools/lib/deploy/functions/prepare.js:69:24)
[error] 
[error] Error: An unexpected error has occurred.
